Determining if the pthread_create exist failed with the following output:
Change Dir: /home/saket1004/catkin_ws2/build/server_task1/CMakeFiles/CMakeTmp

Run Build Command:"/usr/bin/make" "cmTC_f948c/fast"
/usr/bin/make -f CMakeFiles/cmTC_f948c.dir/build.make CMakeFiles/cmTC_f948c.dir/build
make[1]: Entering directory '/home/saket1004/catkin_ws2/build/server_task1/CMakeFiles/CMakeTmp'
Building C object CMakeFiles/cmTC_f948c.dir/CheckSymbolExists.c.o
/usr/bin/cc    -o CMakeFiles/cmTC_f948c.dir/CheckSymbolExists.c.o   -c /home/saket1004/catkin_ws2/build/server_task1/CMakeFiles/CMakeTmp/CheckSymbolExists.c
Linking C executable cmTC_f948c
/usr/bin/cmake -E cmake_link_script CMakeFiles/cmTC_f948c.dir/link.txt --verbose=1
/usr/bin/cc      -rdynamic CMakeFiles/cmTC_f948c.dir/CheckSymbolExists.c.o  -o cmTC_f948c 
CMakeFiles/cmTC_f948c.dir/CheckSymbolExists.c.o: In function `main':
CheckSymbolExists.c:(.text+0x1b): undefined reference to `pthread_create'
collect2: error: ld returned 1 exit status
CMakeFiles/cmTC_f948c.dir/build.make:97: recipe for target 'cmTC_f948c' failed
make[1]: *** [cmTC_f948c] Error 1
make[1]: Leaving directory '/home/saket1004/catkin_ws2/build/server_task1/CMakeFiles/CMakeTmp'
Makefile:126: recipe for target 'cmTC_f948c/fast' failed
make: *** [cmTC_f948c/fast] Error 2

File /home/saket1004/catkin_ws2/build/server_task1/CMakeFiles/CMakeTmp/CheckSymbolExists.c:
/* */
#include <pthread.h>

int main(int argc, char** argv)
{
  (void)argv;
#ifndef pthread_create
  return ((int*)(&pthread_create))[argc];
#else
  (void)argc;
  return 0;
#endif
}

Determining if the function pthread_create exists in the pthreads failed with the following output:
Change Dir: /home/saket1004/catkin_ws2/build/server_task1/CMakeFiles/CMakeTmp

Run Build Command:"/usr/bin/make" "cmTC_0370e/fast"
/usr/bin/make -f CMakeFiles/cmTC_0370e.dir/build.make CMakeFiles/cmTC_0370e.dir/build
make[1]: Entering directory '/home/saket1004/catkin_ws2/build/server_task1/CMakeFiles/CMakeTmp'
Building C object CMakeFiles/cmTC_0370e.dir/CheckFunctionExists.c.o
/usr/bin/cc   -DCHECK_FUNCTION_EXISTS=pthread_create   -o CMakeFiles/cmTC_0370e.dir/CheckFunctionExists.c.o   -c /usr/share/cmake-3.10/Modules/CheckFunctionExists.c
Linking C executable cmTC_0370e
/usr/bin/cmake -E cmake_link_script CMakeFiles/cmTC_0370e.dir/link.txt --verbose=1
/usr/bin/cc  -DCHECK_FUNCTION_EXISTS=pthread_create    -rdynamic CMakeFiles/cmTC_0370e.dir/CheckFunctionExists.c.o  -o cmTC_0370e -lpthreads 
/usr/bin/ld: cannot find -lpthreads
collect2: error: ld returned 1 exit status
CMakeFiles/cmTC_0370e.dir/build.make:97: recipe for target 'cmTC_0370e' failed
make[1]: *** [cmTC_0370e] Error 1
make[1]: Leaving directory '/home/saket1004/catkin_ws2/build/server_task1/CMakeFiles/CMakeTmp'
Makefile:126: recipe for target 'cmTC_0370e/fast' failed
make: *** [cmTC_0370e/fast] Error 2


