Determining if the pthread_create exist failed with the following output:
Change Dir: /home/saket1004/catkin_ws2/build/image_task/CMakeFiles/CMakeTmp

Run Build Command:"/usr/bin/make" "cmTC_aaedc/fast"
/usr/bin/make -f CMakeFiles/cmTC_aaedc.dir/build.make CMakeFiles/cmTC_aaedc.dir/build
make[1]: Entering directory '/home/saket1004/catkin_ws2/build/image_task/CMakeFiles/CMakeTmp'
Building C object CMakeFiles/cmTC_aaedc.dir/CheckSymbolExists.c.o
/usr/bin/cc    -o CMakeFiles/cmTC_aaedc.dir/CheckSymbolExists.c.o   -c /home/saket1004/catkin_ws2/build/image_task/CMakeFiles/CMakeTmp/CheckSymbolExists.c
Linking C executable cmTC_aaedc
/usr/bin/cmake -E cmake_link_script CMakeFiles/cmTC_aaedc.dir/link.txt --verbose=1
/usr/bin/cc      -rdynamic CMakeFiles/cmTC_aaedc.dir/CheckSymbolExists.c.o  -o cmTC_aaedc 
CMakeFiles/cmTC_aaedc.dir/CheckSymbolExists.c.o: In function `main':
CheckSymbolExists.c:(.text+0x1b): undefined reference to `pthread_create'
collect2: error: ld returned 1 exit status
CMakeFiles/cmTC_aaedc.dir/build.make:97: recipe for target 'cmTC_aaedc' failed
make[1]: *** [cmTC_aaedc] Error 1
make[1]: Leaving directory '/home/saket1004/catkin_ws2/build/image_task/CMakeFiles/CMakeTmp'
Makefile:126: recipe for target 'cmTC_aaedc/fast' failed
make: *** [cmTC_aaedc/fast] Error 2

File /home/saket1004/catkin_ws2/build/image_task/CMakeFiles/CMakeTmp/CheckSymbolExists.c:
/* */
#include <pthread.h>

int main(int argc, char** argv)
{
  (void)argv;
#ifndef pthread_create
  return ((int*)(&pthread_create))[argc];
#else
  (void)argc;
  return 0;
#endif
}

Determining if the function pthread_create exists in the pthreads failed with the following output:
Change Dir: /home/saket1004/catkin_ws2/build/image_task/CMakeFiles/CMakeTmp

Run Build Command:"/usr/bin/make" "cmTC_4ebe0/fast"
/usr/bin/make -f CMakeFiles/cmTC_4ebe0.dir/build.make CMakeFiles/cmTC_4ebe0.dir/build
make[1]: Entering directory '/home/saket1004/catkin_ws2/build/image_task/CMakeFiles/CMakeTmp'
Building C object CMakeFiles/cmTC_4ebe0.dir/CheckFunctionExists.c.o
/usr/bin/cc   -DCHECK_FUNCTION_EXISTS=pthread_create   -o CMakeFiles/cmTC_4ebe0.dir/CheckFunctionExists.c.o   -c /usr/share/cmake-3.10/Modules/CheckFunctionExists.c
Linking C executable cmTC_4ebe0
/usr/bin/cmake -E cmake_link_script CMakeFiles/cmTC_4ebe0.dir/link.txt --verbose=1
/usr/bin/cc  -DCHECK_FUNCTION_EXISTS=pthread_create    -rdynamic CMakeFiles/cmTC_4ebe0.dir/CheckFunctionExists.c.o  -o cmTC_4ebe0 -lpthreads 
/usr/bin/ld: cannot find -lpthreads
collect2: error: ld returned 1 exit status
CMakeFiles/cmTC_4ebe0.dir/build.make:97: recipe for target 'cmTC_4ebe0' failed
make[1]: *** [cmTC_4ebe0] Error 1
make[1]: Leaving directory '/home/saket1004/catkin_ws2/build/image_task/CMakeFiles/CMakeTmp'
Makefile:126: recipe for target 'cmTC_4ebe0/fast' failed
make: *** [cmTC_4ebe0/fast] Error 2


