Determining if the pthread_create exist failed with the following output:
Change Dir: /home/saket1004/catkin_ws2/build/server_task2/CMakeFiles/CMakeTmp

Run Build Command:"/usr/bin/make" "cmTC_9993f/fast"
/usr/bin/make -f CMakeFiles/cmTC_9993f.dir/build.make CMakeFiles/cmTC_9993f.dir/build
make[1]: Entering directory '/home/saket1004/catkin_ws2/build/server_task2/CMakeFiles/CMakeTmp'
Building C object CMakeFiles/cmTC_9993f.dir/CheckSymbolExists.c.o
/usr/bin/cc    -o CMakeFiles/cmTC_9993f.dir/CheckSymbolExists.c.o   -c /home/saket1004/catkin_ws2/build/server_task2/CMakeFiles/CMakeTmp/CheckSymbolExists.c
Linking C executable cmTC_9993f
/usr/bin/cmake -E cmake_link_script CMakeFiles/cmTC_9993f.dir/link.txt --verbose=1
/usr/bin/cc      -rdynamic CMakeFiles/cmTC_9993f.dir/CheckSymbolExists.c.o  -o cmTC_9993f 
CMakeFiles/cmTC_9993f.dir/CheckSymbolExists.c.o: In function `main':
CheckSymbolExists.c:(.text+0x1b): undefined reference to `pthread_create'
collect2: error: ld returned 1 exit status
CMakeFiles/cmTC_9993f.dir/build.make:97: recipe for target 'cmTC_9993f' failed
make[1]: *** [cmTC_9993f] Error 1
make[1]: Leaving directory '/home/saket1004/catkin_ws2/build/server_task2/CMakeFiles/CMakeTmp'
Makefile:126: recipe for target 'cmTC_9993f/fast' failed
make: *** [cmTC_9993f/fast] Error 2

File /home/saket1004/catkin_ws2/build/server_task2/CMakeFiles/CMakeTmp/CheckSymbolExists.c:
/* */
#include <pthread.h>

int main(int argc, char** argv)
{
  (void)argv;
#ifndef pthread_create
  return ((int*)(&pthread_create))[argc];
#else
  (void)argc;
  return 0;
#endif
}

Determining if the function pthread_create exists in the pthreads failed with the following output:
Change Dir: /home/saket1004/catkin_ws2/build/server_task2/CMakeFiles/CMakeTmp

Run Build Command:"/usr/bin/make" "cmTC_cf892/fast"
/usr/bin/make -f CMakeFiles/cmTC_cf892.dir/build.make CMakeFiles/cmTC_cf892.dir/build
make[1]: Entering directory '/home/saket1004/catkin_ws2/build/server_task2/CMakeFiles/CMakeTmp'
Building C object CMakeFiles/cmTC_cf892.dir/CheckFunctionExists.c.o
/usr/bin/cc   -DCHECK_FUNCTION_EXISTS=pthread_create   -o CMakeFiles/cmTC_cf892.dir/CheckFunctionExists.c.o   -c /usr/share/cmake-3.10/Modules/CheckFunctionExists.c
Linking C executable cmTC_cf892
/usr/bin/cmake -E cmake_link_script CMakeFiles/cmTC_cf892.dir/link.txt --verbose=1
/usr/bin/cc  -DCHECK_FUNCTION_EXISTS=pthread_create    -rdynamic CMakeFiles/cmTC_cf892.dir/CheckFunctionExists.c.o  -o cmTC_cf892 -lpthreads 
/usr/bin/ld: cannot find -lpthreads
collect2: error: ld returned 1 exit status
CMakeFiles/cmTC_cf892.dir/build.make:97: recipe for target 'cmTC_cf892' failed
make[1]: *** [cmTC_cf892] Error 1
make[1]: Leaving directory '/home/saket1004/catkin_ws2/build/server_task2/CMakeFiles/CMakeTmp'
Makefile:126: recipe for target 'cmTC_cf892/fast' failed
make: *** [cmTC_cf892/fast] Error 2


