[35m[1mScanning dependencies of target std_msgs_generate_messages_nodejs[0m
[35m[1mScanning dependencies of target actionlib_msgs_generate_messages_cpp[0m
[35m[1mScanning dependencies of target std_msgs_generate_messages_cpp[0m
[35m[1mScanning dependencies of target std_msgs_generate_messages_py[0m
[35m[1mScanning dependencies of target std_msgs_generate_messages_eus[0m
[35m[1mScanning dependencies of target mul_two_ints_server[0m
[35m[1mScanning dependencies of target std_msgs_generate_messages_lisp[0m
[35m[1mScanning dependencies of target actionlib_msgs_generate_messages_py[0m
[35m[1mScanning dependencies of target actionlib_msgs_generate_messages_lisp[0m
[35m[1mScanning dependencies of target actionlib_msgs_generate_messages_nodejs[0m
[35m[1mScanning dependencies of target actionlib_msgs_generate_messages_eus[0m
[35m[1mScanning dependencies of target mul_two_ints_client[0m
[  0%] Built target std_msgs_generate_messages_eus
[  0%] Built target std_msgs_generate_messages_cpp
[  0%] Built target std_msgs_generate_messages_py
[  0%] Built target actionlib_msgs_generate_messages_eus
[  0%] Built target std_msgs_generate_messages_lisp
[  0%] Built target actionlib_msgs_generate_messages_cpp
[  0%] Built target actionlib_msgs_generate_messages_nodejs
[  0%] Built target std_msgs_generate_messages_nodejs
[  0%] Built target actionlib_msgs_generate_messages_py
[  0%] Built target actionlib_msgs_generate_messages_lisp
[35m[1mScanning dependencies of target my_service_client_generate_messages_eus[0m
[35m[1mScanning dependencies of target my_service_client_generate_messages_nodejs[0m
[35m[1mScanning dependencies of target my_service_client_generate_messages_lisp[0m
[35m[1mScanning dependencies of target my_service_client_generate_messages_py[0m
[35m[1mScanning dependencies of target my_service_client_generate_messages_cpp[0m
[ 20%] [34m[1mGenerating EusLisp manifest code for my_service_client[0m
[ 20%] Built target my_service_client_generate_messages_lisp
[ 20%] Built target my_service_client_generate_messages_cpp
[ 20%] Built target my_service_client_generate_messages_nodejs
[ 20%] Built target my_service_client_generate_messages_py
[ 40%] [32mBuilding CXX object CMakeFiles/mul_two_ints_client.dir/src/my_node_client.cpp.o[0m
[ 60%] [32mBuilding CXX object CMakeFiles/mul_two_ints_server.dir/src/my_node_server.cpp.o[0m
WARNING: Package name "MyProject" does not follow the naming conventions. It should start with a lower case letter and only contain lower case letters, digits, underscores, and dashes.
WARNING: Package name "MyProject" does not follow the naming conventions. It should start with a lower case letter and only contain lower case letters, digits, underscores, and dashes.
[ 60%] Built target my_service_client_generate_messages_eus
[35m[1mScanning dependencies of target my_service_client_generate_messages[0m
[ 60%] Built target my_service_client_generate_messages
[ 80%] [32m[1mLinking CXX executable /home/saket1004/catkin_ws2/devel/.private/my_service_client/lib/my_service_client/mul_two_ints_client[0m
[100%] [32m[1mLinking CXX executable /home/saket1004/catkin_ws2/devel/.private/my_service_client/lib/my_service_client/mul_two_ints_server[0m
[100%] Built target mul_two_ints_client
[100%] Built target mul_two_ints_server
