[01m[K/home/saket1004/catkin_ws2/src/server_task2/src/server_node2.cpp:[m[K In member function ‘[01m[Kvoid SquareNumServer::onGoal(const SquareNumGoalConstPtr&)[m[K’:
[01m[K/home/saket1004/catkin_ws2/src/server_task2/src/server_node2.cpp:50:53:[m[K [01;31m[Kerror: [m[K‘[01m[Kmax_number[m[K’ was not declared in this scope
       feedback.percentage= (double)_counter/(double)[01;31m[Kmax_number[m[K;
                                                     [01;31m[K^~~~~~~~~~[m[K
[01m[K/home/saket1004/catkin_ws2/src/server_task2/src/server_node2.cpp:50:53:[m[K [01;36m[Knote: [m[Ksuggested alternative: ‘[01m[Kmax_sq_number[m[K’
       feedback.percentage= (double)_counter/(double)[01;36m[Kmax_number[m[K;
                                                     [01;36m[K^~~~~~~~~~[m[K
                                                     [32m[Kmax_sq_number[m[K
[01m[K/home/saket1004/catkin_ws2/src/server_task2/src/client_node2.cpp:[m[K In member function ‘[01m[Kvoid SquareNumClient::sendGoal()[m[K’:
[01m[K/home/saket1004/catkin_ws2/src/server_task2/src/client_node2.cpp:30:22:[m[K [01;31m[Kerror: [m[K‘[01m[KCountUntilClient[m[K’ has not been declared
         boost::bind(&[01;31m[KCountUntilClient[m[K::doneCb,this,_1,_2),
                      [01;31m[K^~~~~~~~~~~~~~~~[m[K
[01m[K/home/saket1004/catkin_ws2/src/server_task2/src/client_node2.cpp:31:22:[m[K [01;31m[Kerror: [m[K‘[01m[KCountUntilClient[m[K’ has not been declared
         boost::bind(&[01;31m[KCountUntilClient[m[K::activeCb,this),
                      [01;31m[K^~~~~~~~~~~~~~~~[m[K
[01m[K/home/saket1004/catkin_ws2/src/server_task2/src/client_node2.cpp:32:22:[m[K [01;31m[Kerror: [m[K‘[01m[KCountUntilClient[m[K’ has not been declared
         boost::bind(&[01;31m[KCountUntilClient[m[K::feedbackCb,this,_1));
                      [01;31m[K^~~~~~~~~~~~~~~~[m[K
make[2]: *** [CMakeFiles/square_num_server.dir/src/server_node2.cpp.o] Error 1
make[1]: *** [CMakeFiles/square_num_server.dir/all] Error 2
make[1]: *** Waiting for unfinished jobs....
make[2]: *** [CMakeFiles/square_num_client.dir/src/client_node2.cpp.o] Error 1
make[1]: *** [CMakeFiles/square_num_client.dir/all] Error 2
make: *** [all] Error 2
