[  0%] Built target actionlib_msgs_generate_messages_eus
[  0%] Built target actionlib_msgs_generate_messages_py
[  0%] Built target _action_mul_generate_messages_check_deps_SquareNumAction
[  0%] Built target _action_mul_generate_messages_check_deps_SquareNumGoal
[  0%] Built target _action_mul_generate_messages_check_deps_SquareNumActionGoal
[  0%] Built target _action_mul_generate_messages_check_deps_SquareNumActionFeedback
[  0%] Built target _action_mul_generate_messages_check_deps_SquareNumResult
[  0%] Built target _action_mul_generate_messages_check_deps_SquareNumActionResult
[  0%] Built target _action_mul_generate_messages_check_deps_SquareNumFeedback
[  0%] Built target std_msgs_generate_messages_eus
[  0%] Built target std_msgs_generate_messages_py
[  0%] Built target std_msgs_generate_messages_lisp
[  0%] Built target actionlib_msgs_generate_messages_lisp
[  0%] Built target std_msgs_generate_messages_nodejs
[  0%] Built target actionlib_msgs_generate_messages_cpp
[  0%] Built target std_msgs_generate_messages_cpp
[  0%] Built target actionlib_msgs_generate_messages_nodejs
[ 21%] Built target action_mul_generate_messages_py
[ 43%] Built target action_mul_generate_messages_eus
[ 62%] Built target action_mul_generate_messages_nodejs
[ 81%] Built target action_mul_generate_messages_cpp
[100%] Built target action_mul_generate_messages_lisp
[100%] Built target action_mul_generate_messages
