[35m[1mScanning dependencies of target std_msgs_generate_messages_py[0m
[35m[1mScanning dependencies of target actionlib_msgs_generate_messages_eus[0m
[35m[1mScanning dependencies of target _action_mul_generate_messages_check_deps_SquareNumActionResult[0m
[35m[1mScanning dependencies of target _action_mul_generate_messages_check_deps_SquareNumFeedback[0m
[35m[1mScanning dependencies of target std_msgs_generate_messages_eus[0m
[35m[1mScanning dependencies of target _action_mul_generate_messages_check_deps_SquareNumActionFeedback[0m
[35m[1mScanning dependencies of target _action_mul_generate_messages_check_deps_SquareNumAction[0m
[35m[1mScanning dependencies of target _action_mul_generate_messages_check_deps_SquareNumResult[0m
[35m[1mScanning dependencies of target actionlib_msgs_generate_messages_py[0m
[35m[1mScanning dependencies of target _action_mul_generate_messages_check_deps_SquareNumGoal[0m
[35m[1mScanning dependencies of target _action_mul_generate_messages_check_deps_SquareNumActionGoal[0m
[35m[1mScanning dependencies of target std_msgs_generate_messages_lisp[0m
[  0%] Built target std_msgs_generate_messages_py
[  0%] Built target std_msgs_generate_messages_lisp
[  0%] Built target std_msgs_generate_messages_eus
[  0%] Built target actionlib_msgs_generate_messages_py
[  0%] Built target actionlib_msgs_generate_messages_eus
[35m[1mScanning dependencies of target std_msgs_generate_messages_nodejs[0m
[35m[1mScanning dependencies of target actionlib_msgs_generate_messages_lisp[0m
[35m[1mScanning dependencies of target std_msgs_generate_messages_cpp[0m
[35m[1mScanning dependencies of target actionlib_msgs_generate_messages_cpp[0m
[35m[1mScanning dependencies of target actionlib_msgs_generate_messages_nodejs[0m
[  0%] Built target std_msgs_generate_messages_nodejs
[  0%] Built target actionlib_msgs_generate_messages_lisp
[  0%] Built target _action_mul_generate_messages_check_deps_SquareNumFeedback
[  0%] Built target std_msgs_generate_messages_cpp
[  0%] Built target actionlib_msgs_generate_messages_nodejs
[  0%] Built target actionlib_msgs_generate_messages_cpp
[  0%] Built target _action_mul_generate_messages_check_deps_SquareNumActionGoal
[  0%] Built target _action_mul_generate_messages_check_deps_SquareNumGoal
[  0%] Built target _action_mul_generate_messages_check_deps_SquareNumResult
[  0%] Built target _action_mul_generate_messages_check_deps_SquareNumAction
[  0%] Built target _action_mul_generate_messages_check_deps_SquareNumActionResult
[  0%] Built target _action_mul_generate_messages_check_deps_SquareNumActionFeedback
[35m[1mScanning dependencies of target action_mul_generate_messages_py[0m
[35m[1mScanning dependencies of target action_mul_generate_messages_lisp[0m
[35m[1mScanning dependencies of target action_mul_generate_messages_cpp[0m
[35m[1mScanning dependencies of target action_mul_generate_messages_nodejs[0m
[35m[1mScanning dependencies of target action_mul_generate_messages_eus[0m
[ 10%] [34m[1mGenerating C++ code from action_mul/SquareNumGoal.msg[0m
[ 10%] [34m[1mGenerating EusLisp code from action_mul/SquareNumActionGoal.msg[0m
[ 13%] [34m[1mGenerating Lisp code from action_mul/SquareNumGoal.msg[0m
[ 10%] [34m[1mGenerating Python from MSG action_mul/SquareNumGoal[0m
[ 10%] [34m[1mGenerating C++ code from action_mul/SquareNumActionFeedback.msg[0m
[ 27%] [34m[1mGenerating Python from MSG action_mul/SquareNumFeedback[0m
[ 27%] [34m[1mGenerating Python from MSG action_mul/SquareNumActionFeedback[0m
[ 27%] [34m[1mGenerating C++ code from action_mul/SquareNumActionGoal.msg[0m
[ 27%] [34m[1mGenerating Lisp code from action_mul/SquareNumActionFeedback.msg[0m
[ 27%] [34m[1mGenerating Lisp code from action_mul/SquareNumActionGoal.msg[0m
[ 29%] [34m[1mGenerating Javascript code from action_mul/SquareNumActionGoal.msg[0m
[ 32%] [34m[1mGenerating Python from MSG action_mul/SquareNumActionGoal[0m
[ 35%] [34m[1mGenerating EusLisp code from action_mul/SquareNumActionFeedback.msg[0m
[ 37%] [34m[1mGenerating C++ code from action_mul/SquareNumFeedback.msg[0m
[ 40%] [34m[1mGenerating Lisp code from action_mul/SquareNumFeedback.msg[0m
[ 43%] [34m[1mGenerating Javascript code from action_mul/SquareNumActionFeedback.msg[0m
[ 45%] [34m[1mGenerating C++ code from action_mul/SquareNumActionResult.msg[0m
[ 48%] [34m[1mGenerating Lisp code from action_mul/SquareNumActionResult.msg[0m
[ 51%] [34m[1mGenerating Lisp code from action_mul/SquareNumResult.msg[0m
[ 56%] [34m[1mGenerating Lisp code from action_mul/SquareNumAction.msg[0m
[ 56%] [34m[1mGenerating C++ code from action_mul/SquareNumResult.msg[0m
[ 59%] [34m[1mGenerating EusLisp code from action_mul/SquareNumGoal.msg[0m
[ 62%] [34m[1mGenerating Javascript code from action_mul/SquareNumGoal.msg[0m
[ 64%] [34m[1mGenerating Javascript code from action_mul/SquareNumFeedback.msg[0m
[ 72%] [34m[1mGenerating C++ code from action_mul/SquareNumAction.msg[0m
[ 72%] [34m[1mGenerating Python from MSG action_mul/SquareNumActionResult[0m
[ 72%] [34m[1mGenerating EusLisp code from action_mul/SquareNumFeedback.msg[0m
[ 75%] [34m[1mGenerating Javascript code from action_mul/SquareNumActionResult.msg[0m
[ 75%] Built target action_mul_generate_messages_lisp
[ 78%] [34m[1mGenerating EusLisp code from action_mul/SquareNumActionResult.msg[0m
[ 83%] [34m[1mGenerating EusLisp code from action_mul/SquareNumResult.msg[0m
[ 83%] [34m[1mGenerating Javascript code from action_mul/SquareNumResult.msg[0m
[ 86%] [34m[1mGenerating Javascript code from action_mul/SquareNumAction.msg[0m
[ 89%] [34m[1mGenerating Python from MSG action_mul/SquareNumResult[0m
[ 91%] [34m[1mGenerating EusLisp code from action_mul/SquareNumAction.msg[0m
[ 94%] [34m[1mGenerating EusLisp manifest code for action_mul[0m
[ 97%] [34m[1mGenerating Python from MSG action_mul/SquareNumAction[0m
[ 97%] Built target action_mul_generate_messages_nodejs
WARNING: Package name "MyProject" does not follow the naming conventions. It should start with a lower case letter and only contain lower case letters, digits, underscores, and dashes.
[ 97%] Built target action_mul_generate_messages_cpp
[100%] [34m[1mGenerating Python msg __init__.py for action_mul[0m
WARNING: Package name "MyProject" does not follow the naming conventions. It should start with a lower case letter and only contain lower case letters, digits, underscores, and dashes.
[100%] Built target action_mul_generate_messages_py
[100%] Built target action_mul_generate_messages_eus
[35m[1mScanning dependencies of target action_mul_generate_messages[0m
[100%] Built target action_mul_generate_messages
