Symlinking /home/saket1004/catkin_ws2/devel/lib/pkgconfig/action_mul.pc
Symlinking /home/saket1004/catkin_ws2/devel/lib/python2.7/dist-packages/action_mul/__init__.py
Symlinking /home/saket1004/catkin_ws2/devel/lib/python2.7/dist-packages/action_mul/msg/_SquareNumActionFeedback.py
Symlinking /home/saket1004/catkin_ws2/devel/lib/python2.7/dist-packages/action_mul/msg/_SquareNumActionGoal.py
Symlinking /home/saket1004/catkin_ws2/devel/lib/python2.7/dist-packages/action_mul/msg/_SquareNumActionResult.py
Symlinking /home/saket1004/catkin_ws2/devel/lib/python2.7/dist-packages/action_mul/msg/_SquareNumAction.py
Symlinking /home/saket1004/catkin_ws2/devel/lib/python2.7/dist-packages/action_mul/msg/__init__.py
Symlinking /home/saket1004/catkin_ws2/devel/lib/python2.7/dist-packages/action_mul/msg/_SquareNumGoal.py
Symlinking /home/saket1004/catkin_ws2/devel/lib/python2.7/dist-packages/action_mul/msg/_SquareNumFeedback.py
Symlinking /home/saket1004/catkin_ws2/devel/lib/python2.7/dist-packages/action_mul/msg/_SquareNumResult.py
Symlinking /home/saket1004/catkin_ws2/devel/include/action_mul/SquareNumAction.h
Symlinking /home/saket1004/catkin_ws2/devel/include/action_mul/SquareNumActionResult.h
Symlinking /home/saket1004/catkin_ws2/devel/include/action_mul/SquareNumActionFeedback.h
Symlinking /home/saket1004/catkin_ws2/devel/include/action_mul/SquareNumFeedback.h
Symlinking /home/saket1004/catkin_ws2/devel/include/action_mul/SquareNumResult.h
Symlinking /home/saket1004/catkin_ws2/devel/include/action_mul/SquareNumActionGoal.h
Symlinking /home/saket1004/catkin_ws2/devel/include/action_mul/SquareNumGoal.h
Symlinking /home/saket1004/catkin_ws2/devel/share/common-lisp/ros/action_mul/msg/_package_SquareNumActionResult.lisp
Symlinking /home/saket1004/catkin_ws2/devel/share/common-lisp/ros/action_mul/msg/_package.lisp
Symlinking /home/saket1004/catkin_ws2/devel/share/common-lisp/ros/action_mul/msg/SquareNumActionFeedback.lisp
Symlinking /home/saket1004/catkin_ws2/devel/share/common-lisp/ros/action_mul/msg/_package_SquareNumAction.lisp
Symlinking /home/saket1004/catkin_ws2/devel/share/common-lisp/ros/action_mul/msg/_package_SquareNumResult.lisp
Symlinking /home/saket1004/catkin_ws2/devel/share/common-lisp/ros/action_mul/msg/_package_SquareNumActionGoal.lisp
Symlinking /home/saket1004/catkin_ws2/devel/share/common-lisp/ros/action_mul/msg/SquareNumGoal.lisp
Symlinking /home/saket1004/catkin_ws2/devel/share/common-lisp/ros/action_mul/msg/_package_SquareNumGoal.lisp
Symlinking /home/saket1004/catkin_ws2/devel/share/common-lisp/ros/action_mul/msg/action_mul-msg.asd
Symlinking /home/saket1004/catkin_ws2/devel/share/common-lisp/ros/action_mul/msg/_package_SquareNumActionFeedback.lisp
Symlinking /home/saket1004/catkin_ws2/devel/share/common-lisp/ros/action_mul/msg/SquareNumActionGoal.lisp
Symlinking /home/saket1004/catkin_ws2/devel/share/common-lisp/ros/action_mul/msg/_package_SquareNumFeedback.lisp
Symlinking /home/saket1004/catkin_ws2/devel/share/common-lisp/ros/action_mul/msg/SquareNumActionResult.lisp
Symlinking /home/saket1004/catkin_ws2/devel/share/common-lisp/ros/action_mul/msg/SquareNumFeedback.lisp
Symlinking /home/saket1004/catkin_ws2/devel/share/common-lisp/ros/action_mul/msg/SquareNumResult.lisp
Symlinking /home/saket1004/catkin_ws2/devel/share/common-lisp/ros/action_mul/msg/SquareNumAction.lisp
Symlinking /home/saket1004/catkin_ws2/devel/share/roseus/ros/action_mul/manifest.l
Symlinking /home/saket1004/catkin_ws2/devel/share/roseus/ros/action_mul/msg/SquareNumGoal.l
Symlinking /home/saket1004/catkin_ws2/devel/share/roseus/ros/action_mul/msg/SquareNumAction.l
Symlinking /home/saket1004/catkin_ws2/devel/share/roseus/ros/action_mul/msg/SquareNumActionResult.l
Symlinking /home/saket1004/catkin_ws2/devel/share/roseus/ros/action_mul/msg/SquareNumResult.l
Symlinking /home/saket1004/catkin_ws2/devel/share/roseus/ros/action_mul/msg/SquareNumActionFeedback.l
Symlinking /home/saket1004/catkin_ws2/devel/share/roseus/ros/action_mul/msg/SquareNumFeedback.l
Symlinking /home/saket1004/catkin_ws2/devel/share/roseus/ros/action_mul/msg/SquareNumActionGoal.l
Symlinking /home/saket1004/catkin_ws2/devel/share/gennodejs/ros/action_mul/_index.js
Symlinking /home/saket1004/catkin_ws2/devel/share/gennodejs/ros/action_mul/msg/_index.js
Symlinking /home/saket1004/catkin_ws2/devel/share/gennodejs/ros/action_mul/msg/SquareNumResult.js
Symlinking /home/saket1004/catkin_ws2/devel/share/gennodejs/ros/action_mul/msg/SquareNumActionGoal.js
Symlinking /home/saket1004/catkin_ws2/devel/share/gennodejs/ros/action_mul/msg/SquareNumAction.js
Symlinking /home/saket1004/catkin_ws2/devel/share/gennodejs/ros/action_mul/msg/SquareNumGoal.js
Symlinking /home/saket1004/catkin_ws2/devel/share/gennodejs/ros/action_mul/msg/SquareNumActionResult.js
Symlinking /home/saket1004/catkin_ws2/devel/share/gennodejs/ros/action_mul/msg/SquareNumActionFeedback.js
Symlinking /home/saket1004/catkin_ws2/devel/share/gennodejs/ros/action_mul/msg/SquareNumFeedback.js
Symlinking /home/saket1004/catkin_ws2/devel/share/action_mul/cmake/action_mul-msg-extras.cmake
Symlinking /home/saket1004/catkin_ws2/devel/share/action_mul/cmake/action_mulConfig-version.cmake
Symlinking /home/saket1004/catkin_ws2/devel/share/action_mul/cmake/action_mul-msg-paths.cmake
Symlinking /home/saket1004/catkin_ws2/devel/share/action_mul/cmake/action_mulConfig.cmake
Symlinking /home/saket1004/catkin_ws2/devel/share/action_mul/msg/SquareNumResult.msg
Symlinking /home/saket1004/catkin_ws2/devel/share/action_mul/msg/SquareNumActionGoal.msg
Symlinking /home/saket1004/catkin_ws2/devel/share/action_mul/msg/SquareNumActionResult.msg
Symlinking /home/saket1004/catkin_ws2/devel/share/action_mul/msg/SquareNumFeedback.msg
Symlinking /home/saket1004/catkin_ws2/devel/share/action_mul/msg/SquareNumAction.msg
Symlinking /home/saket1004/catkin_ws2/devel/share/action_mul/msg/SquareNumActionFeedback.msg
Symlinking /home/saket1004/catkin_ws2/devel/share/action_mul/msg/SquareNumGoal.msg
