Linked: (/home/saket1004/catkin_ws2/devel/.private/msg_serv/lib/pkgconfig/msg_serv.pc, /home/saket1004/catkin_ws2/devel/lib/pkgconfig/msg_serv.pc)
Linked: (/home/saket1004/catkin_ws2/devel/.private/msg_serv/lib/python2.7/dist-packages/msg_serv/__init__.py, /home/saket1004/catkin_ws2/devel/lib/python2.7/dist-packages/msg_serv/__init__.py)
Linked: (/home/saket1004/catkin_ws2/devel/.private/msg_serv/lib/python2.7/dist-packages/msg_serv/srv/__init__.py, /home/saket1004/catkin_ws2/devel/lib/python2.7/dist-packages/msg_serv/srv/__init__.py)
Linked: (/home/saket1004/catkin_ws2/devel/.private/msg_serv/lib/python2.7/dist-packages/msg_serv/srv/_MulTwoInts.py, /home/saket1004/catkin_ws2/devel/lib/python2.7/dist-packages/msg_serv/srv/_MulTwoInts.py)
Linked: (/home/saket1004/catkin_ws2/devel/.private/msg_serv/include/msg_serv/MulTwoIntsResponse.h, /home/saket1004/catkin_ws2/devel/include/msg_serv/MulTwoIntsResponse.h)
Linked: (/home/saket1004/catkin_ws2/devel/.private/msg_serv/include/msg_serv/MulTwoIntsRequest.h, /home/saket1004/catkin_ws2/devel/include/msg_serv/MulTwoIntsRequest.h)
Linked: (/home/saket1004/catkin_ws2/devel/.private/msg_serv/include/msg_serv/MulTwoInts.h, /home/saket1004/catkin_ws2/devel/include/msg_serv/MulTwoInts.h)
Linked: (/home/saket1004/catkin_ws2/devel/.private/msg_serv/share/common-lisp/ros/msg_serv/srv/_package_MulTwoInts.lisp, /home/saket1004/catkin_ws2/devel/share/common-lisp/ros/msg_serv/srv/_package_MulTwoInts.lisp)
Linked: (/home/saket1004/catkin_ws2/devel/.private/msg_serv/share/common-lisp/ros/msg_serv/srv/_package.lisp, /home/saket1004/catkin_ws2/devel/share/common-lisp/ros/msg_serv/srv/_package.lisp)
Linked: (/home/saket1004/catkin_ws2/devel/.private/msg_serv/share/common-lisp/ros/msg_serv/srv/MulTwoInts.lisp, /home/saket1004/catkin_ws2/devel/share/common-lisp/ros/msg_serv/srv/MulTwoInts.lisp)
Linked: (/home/saket1004/catkin_ws2/devel/.private/msg_serv/share/common-lisp/ros/msg_serv/srv/msg_serv-srv.asd, /home/saket1004/catkin_ws2/devel/share/common-lisp/ros/msg_serv/srv/msg_serv-srv.asd)
Linked: (/home/saket1004/catkin_ws2/devel/.private/msg_serv/share/roseus/ros/msg_serv/manifest.l, /home/saket1004/catkin_ws2/devel/share/roseus/ros/msg_serv/manifest.l)
Linked: (/home/saket1004/catkin_ws2/devel/.private/msg_serv/share/roseus/ros/msg_serv/srv/MulTwoInts.l, /home/saket1004/catkin_ws2/devel/share/roseus/ros/msg_serv/srv/MulTwoInts.l)
Linked: (/home/saket1004/catkin_ws2/devel/.private/msg_serv/share/msg_serv/cmake/msg_serv-msg-extras.cmake, /home/saket1004/catkin_ws2/devel/share/msg_serv/cmake/msg_serv-msg-extras.cmake)
Linked: (/home/saket1004/catkin_ws2/devel/.private/msg_serv/share/msg_serv/cmake/msg_servConfig-version.cmake, /home/saket1004/catkin_ws2/devel/share/msg_serv/cmake/msg_servConfig-version.cmake)
Linked: (/home/saket1004/catkin_ws2/devel/.private/msg_serv/share/msg_serv/cmake/msg_serv-msg-paths.cmake, /home/saket1004/catkin_ws2/devel/share/msg_serv/cmake/msg_serv-msg-paths.cmake)
Linked: (/home/saket1004/catkin_ws2/devel/.private/msg_serv/share/msg_serv/cmake/msg_servConfig.cmake, /home/saket1004/catkin_ws2/devel/share/msg_serv/cmake/msg_servConfig.cmake)
Linked: (/home/saket1004/catkin_ws2/devel/.private/msg_serv/share/gennodejs/ros/msg_serv/_index.js, /home/saket1004/catkin_ws2/devel/share/gennodejs/ros/msg_serv/_index.js)
Linked: (/home/saket1004/catkin_ws2/devel/.private/msg_serv/share/gennodejs/ros/msg_serv/srv/_index.js, /home/saket1004/catkin_ws2/devel/share/gennodejs/ros/msg_serv/srv/_index.js)
Linked: (/home/saket1004/catkin_ws2/devel/.private/msg_serv/share/gennodejs/ros/msg_serv/srv/MulTwoInts.js, /home/saket1004/catkin_ws2/devel/share/gennodejs/ros/msg_serv/srv/MulTwoInts.js)
