Determining if the pthread_create exist failed with the following output:
Change Dir: /home/saket1004/catkin_ws2/build/my_service_client/CMakeFiles/CMakeTmp

Run Build Command:"/usr/bin/make" "cmTC_796cf/fast"
/usr/bin/make -f CMakeFiles/cmTC_796cf.dir/build.make CMakeFiles/cmTC_796cf.dir/build
make[1]: Entering directory '/home/saket1004/catkin_ws2/build/my_service_client/CMakeFiles/CMakeTmp'
Building C object CMakeFiles/cmTC_796cf.dir/CheckSymbolExists.c.o
/usr/bin/cc    -o CMakeFiles/cmTC_796cf.dir/CheckSymbolExists.c.o   -c /home/saket1004/catkin_ws2/build/my_service_client/CMakeFiles/CMakeTmp/CheckSymbolExists.c
Linking C executable cmTC_796cf
/usr/bin/cmake -E cmake_link_script CMakeFiles/cmTC_796cf.dir/link.txt --verbose=1
/usr/bin/cc      -rdynamic CMakeFiles/cmTC_796cf.dir/CheckSymbolExists.c.o  -o cmTC_796cf 
CMakeFiles/cmTC_796cf.dir/CheckSymbolExists.c.o: In function `main':
CheckSymbolExists.c:(.text+0x1b): undefined reference to `pthread_create'
collect2: error: ld returned 1 exit status
CMakeFiles/cmTC_796cf.dir/build.make:97: recipe for target 'cmTC_796cf' failed
make[1]: *** [cmTC_796cf] Error 1
make[1]: Leaving directory '/home/saket1004/catkin_ws2/build/my_service_client/CMakeFiles/CMakeTmp'
Makefile:126: recipe for target 'cmTC_796cf/fast' failed
make: *** [cmTC_796cf/fast] Error 2

File /home/saket1004/catkin_ws2/build/my_service_client/CMakeFiles/CMakeTmp/CheckSymbolExists.c:
/* */
#include <pthread.h>

int main(int argc, char** argv)
{
  (void)argv;
#ifndef pthread_create
  return ((int*)(&pthread_create))[argc];
#else
  (void)argc;
  return 0;
#endif
}

Determining if the function pthread_create exists in the pthreads failed with the following output:
Change Dir: /home/saket1004/catkin_ws2/build/my_service_client/CMakeFiles/CMakeTmp

Run Build Command:"/usr/bin/make" "cmTC_c544d/fast"
/usr/bin/make -f CMakeFiles/cmTC_c544d.dir/build.make CMakeFiles/cmTC_c544d.dir/build
make[1]: Entering directory '/home/saket1004/catkin_ws2/build/my_service_client/CMakeFiles/CMakeTmp'
Building C object CMakeFiles/cmTC_c544d.dir/CheckFunctionExists.c.o
/usr/bin/cc   -DCHECK_FUNCTION_EXISTS=pthread_create   -o CMakeFiles/cmTC_c544d.dir/CheckFunctionExists.c.o   -c /usr/share/cmake-3.10/Modules/CheckFunctionExists.c
Linking C executable cmTC_c544d
/usr/bin/cmake -E cmake_link_script CMakeFiles/cmTC_c544d.dir/link.txt --verbose=1
/usr/bin/cc  -DCHECK_FUNCTION_EXISTS=pthread_create    -rdynamic CMakeFiles/cmTC_c544d.dir/CheckFunctionExists.c.o  -o cmTC_c544d -lpthreads 
/usr/bin/ld: cannot find -lpthreads
collect2: error: ld returned 1 exit status
CMakeFiles/cmTC_c544d.dir/build.make:97: recipe for target 'cmTC_c544d' failed
make[1]: *** [cmTC_c544d] Error 1
make[1]: Leaving directory '/home/saket1004/catkin_ws2/build/my_service_client/CMakeFiles/CMakeTmp'
Makefile:126: recipe for target 'cmTC_c544d/fast' failed
make: *** [cmTC_c544d/fast] Error 2


