[01m[K/home/saket1004/catkin_ws2/src/server_task1/src/client_node.cpp:[m[K In function ‘[01m[Kint main(int, char**)[m[K’:
[01m[K/home/saket1004/catkin_ws2/src/server_task1/src/client_node.cpp:9:47:[m[K [01;31m[Kerror: [m[K‘[01m[Krospy_tutorials[m[K’ was not declared in this scope
   ros::ServiceClient client= nh.serviceClient<[01;31m[Krospy_tutorials[m[K::AddTwoInts>("mul_two_ints1");
                                               [01;31m[K^~~~~~~~~~~~~~~[m[K
[01m[K/home/saket1004/catkin_ws2/src/server_task1/src/client_node.cpp:9:33:[m[K [01;31m[Kerror: [m[Kparse error in template argument list
   ros::ServiceClient client= nh.[01;31m[KserviceClient<rospy_tutorials::AddTwoInts>[m[K("mul_two_ints1");
                                 [01;31m[K^~~~~~~~~~~~~~~~~~~~~~~~~~~~~~~~~~~~~~~~~~[m[K
[01m[K/home/saket1004/catkin_ws2/src/server_task1/src/client_node.cpp:9:91:[m[K [01;31m[Kerror: [m[Kno matching function for call to ‘[01m[Kros::NodeHandle::serviceClient<<expression error> >(const char [14])[m[K’
   ros::ServiceClient client= nh.serviceClient<rospy_tutorials::AddTwoInts>("mul_two_ints1"[01;31m[K)[m[K;
                                                                                           [01;31m[K^[m[K
In file included from [01m[K/opt/ros/melodic/include/ros/ros.h:45:0[m[K,
                 from [01m[K/home/saket1004/catkin_ws2/src/server_task1/src/client_node.cpp:1[m[K:
[01m[K/opt/ros/melodic/include/ros/node_handle.h:1240:17:[m[K [01;36m[Knote: [m[Kcandidate: template<class MReq, class MRes> ros::ServiceClient ros::NodeHandle::serviceClient(const string&, bool, const M_string&)
   ServiceClient [01;36m[KserviceClient[m[K(const std::string& service_name, bool persistent = false,
                 [01;36m[K^~~~~~~~~~~~~[m[K
[01m[K/opt/ros/melodic/include/ros/node_handle.h:1240:17:[m[K [01;36m[Knote: [m[K  template argument deduction/substitution failed:
[01m[K/home/saket1004/catkin_ws2/src/server_task1/src/client_node.cpp:9:91:[m[K [01;31m[Kerror: [m[Ktemplate argument 1 is invalid
   ros::ServiceClient client= nh.serviceClient<rospy_tutorials::AddTwoInts>("mul_two_ints1"[01;31m[K)[m[K;
                                                                                           [01;31m[K^[m[K
In file included from [01m[K/opt/ros/melodic/include/ros/ros.h:45:0[m[K,
                 from [01m[K/home/saket1004/catkin_ws2/src/server_task1/src/client_node.cpp:1[m[K:
[01m[K/opt/ros/melodic/include/ros/node_handle.h:1260:17:[m[K [01;36m[Knote: [m[Kcandidate: template<class Service> ros::ServiceClient ros::NodeHandle::serviceClient(const string&, bool, const M_string&)
   ServiceClient [01;36m[KserviceClient[m[K(const std::string& service_name, bool persistent = false,
                 [01;36m[K^~~~~~~~~~~~~[m[K
[01m[K/opt/ros/melodic/include/ros/node_handle.h:1260:17:[m[K [01;36m[Knote: [m[K  template argument deduction/substitution failed:
[01m[K/home/saket1004/catkin_ws2/src/server_task1/src/client_node.cpp:9:91:[m[K [01;31m[Kerror: [m[Ktemplate argument 1 is invalid
   ros::ServiceClient client= nh.serviceClient<rospy_tutorials::AddTwoInts>("mul_two_ints1"[01;31m[K)[m[K;
                                                                                           [01;31m[K^[m[K
make[2]: *** [CMakeFiles/mul_two_ints_client1.dir/src/client_node.cpp.o] Error 1
make[1]: *** [CMakeFiles/mul_two_ints_client1.dir/all] Error 2
make[1]: *** Waiting for unfinished jobs....
make: *** [all] Error 2
